<?xml version="1.0" encoding="UTF-8"?>
<!-- Generated by org.testng.reporters.JUnitReportReporter -->
<testsuite hostname="Samsung-PC" name="com.hrms.testscripts.TC_102" tests="1" failures="0" timestamp="30 Sep 2019 17:48:13 GMT" time="41.820" errors="0">
  <testcase name="tc_102" time="41.820" classname="com.hrms.testscripts.TC_102"/>
</testsuite> <!-- com.hrms.testscripts.TC_102 -->
