<?xml version="1.0" encoding="UTF-8"?>
<!-- Generated by org.testng.reporters.JUnitReportReporter -->
<testsuite hostname="Samsung-PC" name="com.hrms.testscripts.TC_103" tests="1" failures="0" timestamp="30 Sep 2019 17:48:13 GMT" time="39.270" errors="0">
  <testcase name="tc_103" time="39.270" classname="com.hrms.testscripts.TC_103"/>
</testsuite> <!-- com.hrms.testscripts.TC_103 -->
